Crash handler installed
Loading config file: /etc/openmw/openmw.cfg
Loading config file: /home/devendra/.config/openmw/openmw.cfg
OpenMW version 0.46.0
Revision: d8e1a6b286
Using default (English) font encoding.
OSG version: 3.6.5
SDL version: 2.0.12
Loading settings file: /etc/openmw/settings-default.cfg
Loading settings file: /home/devendra/.config/openmw/settings.cfg
Adding BSA archive /home/devendra/Documents/morrowind/Data Files/Morrowind.bsa
Adding BSA archive /home/devendra/Documents/morrowind/Data Files/Tribunal.bsa
Adding BSA archive /home/devendra/Documents/morrowind/Data Files/Bloodmoon.bsa
Adding data directory /usr/share/games/openmw/resources/vfs
Adding data directory /usr/share/games/openmw/data
Adding data directory /home/devendra/Documents/morrowind/Data Files
Loading keybindings file: /home/devendra/.config/openmw/input_v3.xml
Initializing OpenAL...
Opened "Built-in Audio Analog Stereo"
  ALC Version: 1.1
  ALC Extensions: ALC_ENUMERATE_ALL_EXT ALC_ENUMERATION_EXT ALC_EXT_CAPTURE ALC_EXT_DEDICATED ALC_EXT_disconnect ALC_EXT_EFX ALC_EXT_thread_local_context ALC_SOFT_device_clock ALC_SOFT_HRTF ALC_SOFT_loopback ALC_SOFT_output_limiter ALC_SOFT_pause_device
  Vendor: OpenAL Community
  Renderer: OpenAL Soft
  Version: 1.1 ALSOFT 1.20.1
  Extensions: AL_EXT_ALAW AL_EXT_BFORMAT AL_EXT_DOUBLE AL_EXT_EXPONENT_DISTANCE AL_EXT_FLOAT32 AL_EXT_IMA4 AL_EXT_LINEAR_DISTANCE AL_EXT_MCFORMATS AL_EXT_MULAW AL_EXT_MULAW_BFORMAT AL_EXT_MULAW_MCFORMATS AL_EXT_OFFSET AL_EXT_source_distance_model AL_EXT_SOURCE_RADIUS AL_EXT_STEREO_ANGLES AL_LOKI_quadriphonic AL_SOFT_bformat_ex AL_SOFT_block_alignment AL_SOFT_deferred_updates AL_SOFT_direct_channels AL_SOFT_direct_channels_remix AL_SOFTX_effect_chain AL_SOFTX_events AL_SOFTX_filter_gain_ex AL_SOFT_gain_clamp_ex AL_SOFT_loop_points AL_SOFTX_map_buffer AL_SOFT_MSADPCM AL_SOFT_source_latency AL_SOFT_source_length AL_SOFT_source_resampler AL_SOFT_source_spatialize
Enabled HRTF Default HRTF
Allocated 256 sound sources
Low-pass filter supported
EAX Reverb supported
Enumerated output devices:
  Built-in Audio Analog Stereo
Enumerated HRTF names:
  Default HRTF  Built-In HRTF
Failed to open video: Resource 'video/bethesda logo.bik' not found
Loading content file Morrowind.esm
Loading content file Tribunal.esm
Loading content file Bloodmoon.esm
Playing music/special/morrowind title.mp3
Failed to open video: Resource 'video/mw_logo.bik' not found
Changing to interior
Loading cell Imperial Prison Ship
Failed to open video: Resource 'video/mw_intro.bik' not found
Playing music/explore/mx_explore_7.mp3
Controller R2_Claw02 present more than once in meshes/r/xsiltstrider.kf, ignoring later version
AiTravel: 90, -90, -88
AiEscort: 195, 100, 170, 12
AiTravel: 185, 174, 170
Unloading cell Imperial Prison Ship
Loading cell -2, -9
Loading cell -2, -8
Loading cell -1, -9
Loading cell -3, -9
Loading cell -2, -10
Loading cell -1, -8
Loading cell -3, -8
Loading cell -1, -10
Loading cell -3, -10
AiTravel: -8914, -73093, 126
Warning: fallingScript line 46, column 6 (endif): endif without matching if/elseif
AiTravel: -9944, -72481, 126
Changed setting: [Video] resolution x = 1346
Changed setting: [Video] resolution y = 726
Updating settings file: "/home/devendra/.config/openmw/settings.cfg"
Quitting peacefully.
