00:00:00.145007 VirtualBox DHCP Server 6.1.12 r139181 linux.amd64 (Jul 22 2020 20:05:29) release log
00:00:00.145010 Log opened 2020-07-29T02:46:13.013895000Z
00:00:00.145011 Build Type: release
00:00:00.145014 OS Product: Linux
00:00:00.145016 OS Release: 5.4.53-1-lts
00:00:00.145017 OS Version: #1 SMP Wed, 22 Jul 2020 20:16:09 +0000
00:00:00.145053 DMI Product Name: HP ProBook 4410s
00:00:00.145068 DMI Product Version: F.06
00:00:00.145079 Firmware type: BIOS
00:00:00.145131 Host RAM: 1917MB total, 1414MB available
00:00:00.145133 Executable: /usr/lib/virtualbox/VBoxNetDHCP
00:00:00.145134 Process ID: 163635
00:00:00.145135 Package type: LINUX_64BITS_GENERIC (OSE)
00:00:00.145165 --config:  HostInterfaceNetworking-vboxnet0
00:00:00.145171 --comment: HostInterfaceNetworking-vboxnet0
00:00:00.145331 IP address:   192.168.56.100/24
00:00:00.145341 Address pool: 192.168.56.101 - 192.168.56.254
00:00:00.145377 MAC address is not specified: will use generated MAC 08:00:27:72:f6:7e
00:00:00.145388 Db::i_enterFixedAddressAssignment: 08:00:27:72:f6:7e: 192.168.56.100
00:00:00.145398 loading leases from /home/devendra/.config/VirtualBox/HostInterfaceNetworking-vboxnet0-Dhcpd.leases
00:00:00.180312 Runtime error opening '/home/devendra/.config/VirtualBox/HostInterfaceNetworking-vboxnet0-Dhcpd.leases' for reading: -102 (File not found.)
