00:00:02.140514 VirtualBox GUI VM Selector Window 6.1.12 r139181 linux.amd64 (Jul 22 2020 20:05:29) release log
00:00:02.140518 Log opened 2020-07-31T01:18:56.913454000Z
00:00:02.140521 Build Type: release
00:00:02.140526 OS Product: Linux
00:00:02.140530 OS Release: 5.4.53-1-lts
00:00:02.140533 OS Version: #1 SMP Wed, 22 Jul 2020 20:16:09 +0000
00:00:02.140569 DMI Product Name: HP ProBook 4410s
00:00:02.140585 DMI Product Version: F.06
00:00:02.140598 Firmware type: BIOS
00:00:02.140652 Host RAM: 1917MB total, 1375MB available
00:00:02.140657 Executable: /usr/lib/virtualbox/VirtualBox
00:00:02.140659 Process ID: 69921
00:00:02.140662 Package type: LINUX_64BITS_GENERIC (OSE)
00:00:02.140703 Qt version: 5.15.0
00:00:02.418710 GUI: UIMediumEnumerator: Medium-enumeration started...
00:00:06.015402 GUI: UIDesktopWidgetWatchdog::sltHandleHostScreenAvailableGeometryCalculated: Screen 0 work area is actually resized to: 12x34 x 666x722
00:00:06.016099 GUI: UIMediumEnumerator: Medium-enumeration finished!
00:00:21.674949 GUI: UIMediumEnumerator: Medium-enumeration finished!
00:03:06.576489 ERROR [COM]: aRC=NS_ERROR_UNEXPECTED (0x8000ffff) aIID={c0447716-ff5a-4795-b57a-ecd5fffa18a4} aComponent={SessionWrap} aText={The session is not locked (session state: Unlocked)}, preserve=false aResultDetail=0
00:03:52.267880 GUI: UIMediumEnumerator: Medium-enumeration finished!
00:03:52.523589 GUI: UIMediumEnumerator: Medium-enumeration finished!
